  Source.c
C:\Users\digyb\source\repos\EoghanBarker_APP_Project\EoghanBarker_APP_Project\Source.c(54,3): warning C4996: 'scanf': This function or variable may be unsafe. Consider using scanf_s instead. To disable deprecation, use _CRT_SECURE_NO_WARNINGS. See online help for details.
C:\Users\digyb\source\repos\EoghanBarker_APP_Project\EoghanBarker_APP_Project\Source.c(60,4): warning C4996: 'scanf': This function or variable may be unsafe. Consider using scanf_s instead. To disable deprecation, use _CRT_SECURE_NO_WARNINGS. See online help for details.
C:\Users\digyb\source\repos\EoghanBarker_APP_Project\EoghanBarker_APP_Project\Source.c(81,4): warning C4996: 'scanf': This function or variable may be unsafe. Consider using scanf_s instead. To disable deprecation, use _CRT_SECURE_NO_WARNINGS. See online help for details.
C:\Users\digyb\source\repos\EoghanBarker_APP_Project\EoghanBarker_APP_Project\Source.c(95,4): warning C4996: 'scanf': This function or variable may be unsafe. Consider using scanf_s instead. To disable deprecation, use _CRT_SECURE_NO_WARNINGS. See online help for details.
C:\Users\digyb\source\repos\EoghanBarker_APP_Project\EoghanBarker_APP_Project\Source.c(108,4): warning C4996: 'scanf': This function or variable may be unsafe. Consider using scanf_s instead. To disable deprecation, use _CRT_SECURE_NO_WARNINGS. See online help for details.
C:\Users\digyb\source\repos\EoghanBarker_APP_Project\EoghanBarker_APP_Project\Source.c(145,2): warning C4996: 'scanf': This function or variable may be unsafe. Consider using scanf_s instead. To disable deprecation, use _CRT_SECURE_NO_WARNINGS. See online help for details.
C:\Users\digyb\source\repos\EoghanBarker_APP_Project\EoghanBarker_APP_Project\Source.c(147,2): warning C4996: 'scanf': This function or variable may be unsafe. Consider using scanf_s instead. To disable deprecation, use _CRT_SECURE_NO_WARNINGS. See online help for details.
C:\Users\digyb\source\repos\EoghanBarker_APP_Project\EoghanBarker_APP_Project\Source.c(148,2): warning C4996: 'strcpy': This function or variable may be unsafe. Consider using strcpy_s instead. To disable deprecation, use _CRT_SECURE_NO_WARNINGS. See online help for details.
C:\Users\digyb\source\repos\EoghanBarker_APP_Project\EoghanBarker_APP_Project\Source.c(150,2): warning C4996: 'scanf': This function or variable may be unsafe. Consider using scanf_s instead. To disable deprecation, use _CRT_SECURE_NO_WARNINGS. See online help for details.
C:\Users\digyb\source\repos\EoghanBarker_APP_Project\EoghanBarker_APP_Project\Source.c(152,2): warning C4996: 'scanf': This function or variable may be unsafe. Consider using scanf_s instead. To disable deprecation, use _CRT_SECURE_NO_WARNINGS. See online help for details.
C:\Users\digyb\source\repos\EoghanBarker_APP_Project\EoghanBarker_APP_Project\Source.c(154,2): warning C4996: 'scanf': This function or variable may be unsafe. Consider using scanf_s instead. To disable deprecation, use _CRT_SECURE_NO_WARNINGS. See online help for details.
C:\Users\digyb\source\repos\EoghanBarker_APP_Project\EoghanBarker_APP_Project\Source.c(156,2): warning C4996: 'scanf': This function or variable may be unsafe. Consider using scanf_s instead. To disable deprecation, use _CRT_SECURE_NO_WARNINGS. See online help for details.
C:\Users\digyb\source\repos\EoghanBarker_APP_Project\EoghanBarker_APP_Project\Source.c(158,2): warning C4996: 'scanf': This function or variable may be unsafe. Consider using scanf_s instead. To disable deprecation, use _CRT_SECURE_NO_WARNINGS. See online help for details.
C:\Users\digyb\source\repos\EoghanBarker_APP_Project\EoghanBarker_APP_Project\Source.c(160,2): warning C4996: 'scanf': This function or variable may be unsafe. Consider using scanf_s instead. To disable deprecation, use _CRT_SECURE_NO_WARNINGS. See online help for details.
C:\Users\digyb\source\repos\EoghanBarker_APP_Project\EoghanBarker_APP_Project\Source.c(176,3): warning C4996: 'strcpy': This function or variable may be unsafe. Consider using strcpy_s instead. To disable deprecation, use _CRT_SECURE_NO_WARNINGS. See online help for details.
C:\Users\digyb\source\repos\EoghanBarker_APP_Project\EoghanBarker_APP_Project\Source.c(182,3): warning C4996: 'scanf': This function or variable may be unsafe. Consider using scanf_s instead. To disable deprecation, use _CRT_SECURE_NO_WARNINGS. See online help for details.
C:\Users\digyb\source\repos\EoghanBarker_APP_Project\EoghanBarker_APP_Project\Source.c(281,2): warning C4996: 'scanf': This function or variable may be unsafe. Consider using scanf_s instead. To disable deprecation, use _CRT_SECURE_NO_WARNINGS. See online help for details.
C:\Users\digyb\source\repos\EoghanBarker_APP_Project\EoghanBarker_APP_Project\Source.c(283,2): warning C4996: 'scanf': This function or variable may be unsafe. Consider using scanf_s instead. To disable deprecation, use _CRT_SECURE_NO_WARNINGS. See online help for details.
C:\Users\digyb\source\repos\EoghanBarker_APP_Project\EoghanBarker_APP_Project\Source.c(285,2): warning C4996: 'scanf': This function or variable may be unsafe. Consider using scanf_s instead. To disable deprecation, use _CRT_SECURE_NO_WARNINGS. See online help for details.
C:\Users\digyb\source\repos\EoghanBarker_APP_Project\EoghanBarker_APP_Project\Source.c(287,2): warning C4996: 'scanf': This function or variable may be unsafe. Consider using scanf_s instead. To disable deprecation, use _CRT_SECURE_NO_WARNINGS. See online help for details.
C:\Users\digyb\source\repos\EoghanBarker_APP_Project\EoghanBarker_APP_Project\Source.c(289,2): warning C4996: 'scanf': This function or variable may be unsafe. Consider using scanf_s instead. To disable deprecation, use _CRT_SECURE_NO_WARNINGS. See online help for details.
C:\Users\digyb\source\repos\EoghanBarker_APP_Project\EoghanBarker_APP_Project\Source.c(291,2): warning C4996: 'scanf': This function or variable may be unsafe. Consider using scanf_s instead. To disable deprecation, use _CRT_SECURE_NO_WARNINGS. See online help for details.
C:\Users\digyb\source\repos\EoghanBarker_APP_Project\EoghanBarker_APP_Project\Source.c(293,2): warning C4996: 'scanf': This function or variable may be unsafe. Consider using scanf_s instead. To disable deprecation, use _CRT_SECURE_NO_WARNINGS. See online help for details.
C:\Users\digyb\source\repos\EoghanBarker_APP_Project\EoghanBarker_APP_Project\Source.c(331,3): warning C4996: 'scanf': This function or variable may be unsafe. Consider using scanf_s instead. To disable deprecation, use _CRT_SECURE_NO_WARNINGS. See online help for details.
C:\Users\digyb\source\repos\EoghanBarker_APP_Project\EoghanBarker_APP_Project\Source.c(336,4): warning C4996: 'scanf': This function or variable may be unsafe. Consider using scanf_s instead. To disable deprecation, use _CRT_SECURE_NO_WARNINGS. See online help for details.
C:\Users\digyb\source\repos\EoghanBarker_APP_Project\EoghanBarker_APP_Project\Source.c(354,4): warning C4996: 'scanf': This function or variable may be unsafe. Consider using scanf_s instead. To disable deprecation, use _CRT_SECURE_NO_WARNINGS. See online help for details.
C:\Users\digyb\source\repos\EoghanBarker_APP_Project\EoghanBarker_APP_Project\Source.c(384,7): warning C4996: 'fopen': This function or variable may be unsafe. Consider using fopen_s instead. To disable deprecation, use _CRT_SECURE_NO_WARNINGS. See online help for details.
C:\Users\digyb\source\repos\EoghanBarker_APP_Project\EoghanBarker_APP_Project\Source.c(193): warning C4172: returning address of local variable or temporary: newEmail
  EoghanBarker_APP_Project.vcxproj -> C:\Users\digyb\source\repos\EoghanBarker_APP_Project\x64\Debug\EoghanBarker_APP_Project.exe
